<?xml version="1.0" encoding="UTF-8"?>
<!-- Generated by org.testng.reporters.JUnitReportReporter -->
<testsuite hostname="KAITLYN" failures="0" tests="1" name="Runner.TestRunner" time="6.698" errors="0" timestamp="2025-05-05T16:09:06 CDT" skipped="0">
  <testcase classname="Runner.TestRunner" name="runScenario" time="6.698"/>
</testsuite> <!-- Runner.TestRunner -->
