<?xml version="1.0" encoding="UTF-8"?>
<!-- Generated by org.testng.reporters.JUnitReportReporter -->
<testsuite hostname="AKK" failures="0" tests="5" name="Runner.TestRunner" time="36.662" errors="0" timestamp="2025-05-07T23:27:49 EDT" skipped="0">
  <testcase classname="Runner.TestRunner" name="runScenario" time="5.404"/>
  <testcase classname="Runner.TestRunner" name="runScenario" time="6.801"/>
  <testcase classname="Runner.TestRunner" name="runScenario" time="5.517"/>
  <testcase classname="Runner.TestRunner" name="runScenario" time="13.794"/>
  <testcase classname="Runner.TestRunner" name="runScenario" time="5.146"/>
</testsuite> <!-- Runner.TestRunner -->
